<?xml version="1.0" encoding="UTF-8"?>
<!-- Generated by org.testng.reporters.JUnitXMLReporter -->
<testsuite ignored="0" hostname="NTP-LAP-843" failures="0" tests="3" name="Default test" time="3.169" errors="0" timestamp="2022-12-15T23:11:05 IST">
  <testcase classname="org.ict.scripts.TestClass" name="ValidLoginVerification" time="1.184"/>
  <testcase classname="org.ict.scripts.TestClass" name="ValidHomeVerification" time="0.769"/>
  <testcase classname="org.ict.scripts.TestClass" name="ValidAddEmpVerification" time="1.159"/>
</testsuite> <!-- Default test -->
